-------------------------------------------------------------------------------
Test set: com.stock.dbs.StockApplicationTests
-------------------------------------------------------------------------------
Tests run: 1, Failures: 0, Errors: 1, Skipped: 0, Time elapsed: 3.549 s <<< FAILURE! - in com.stock.dbs.StockApplicationTests
com.stock.dbs.StockApplicationTests  Time elapsed: 3.546 s  <<< ERROR!
java.lang.IllegalStateException: Unable to find a @SpringBootConfiguration, you need to use @ContextConfiguration or @SpringBootTest(classes=...) with your test

